  Library.cpp
c:\users\1\source\repos\katinas15\tower_defense_game\library\library.cpp(507): warning C4267: 'argument': conversion from 'size_t' to 'int', possible loss of data
c:\users\1\source\repos\katinas15\tower_defense_game\library\library.cpp(567): warning C4267: 'argument': conversion from 'size_t' to 'int', possible loss of data
c:\users\1\source\repos\katinas15\tower_defense_game\library\library.cpp(620): warning C4267: 'argument': conversion from 'size_t' to 'int', possible loss of data
c:\users\1\source\repos\katinas15\tower_defense_game\library\library.cpp(680): warning C4267: 'argument': conversion from 'size_t' to 'int', possible loss of data
c:\users\1\source\repos\katinas15\tower_defense_game\library\library.cpp(701): warning C4267: 'argument': conversion from 'size_t' to 'int', possible loss of data
c:\users\1\source\repos\katinas15\tower_defense_game\library\library.cpp(718): warning C4267: 'argument': conversion from 'size_t' to 'int', possible loss of data
  Library.vcxproj -> C:\Users\1\source\repos\katinas15\tower_defense_game\x64\Debug\Library.lib

Project Performance Summary:
     2514 ms  C:\Users\1\source\repos\katinas15\tower_defense_game\Library\Library.vcxproj   1 calls
               2514 ms  Build                                      1 calls

Target Performance Summary:
        0 ms  _ClCompile                                 1 calls
        0 ms  BuildCompile                               1 calls
        0 ms  _BuildCompileAction                        1 calls
        0 ms  AfterBuildCompileEvent                     1 calls
        0 ms  _Lib                                       1 calls
        0 ms  AfterLib                                   1 calls
        0 ms  PreLinkEvent                               1 calls
        0 ms  DoLibOutputFilesMatch                      1 calls
        0 ms  MakeDirsForLib                             1 calls
        0 ms  ComputeLibInputsFromProject                1 calls
        0 ms  ComputeCLGeneratedLibInputs                1 calls
        0 ms  ComputeCLOutputs                           1 calls
        0 ms  ComputeCustomBuildOutput                   1 calls
        0 ms  ComputeRCGeneratedLibInputs                1 calls
        0 ms  ComputeRCOutputs                           1 calls
        0 ms  ComputeLibAdditionalOptions                1 calls
        0 ms  BeforeLib                                  1 calls
        0 ms  _ResourceCompile                           1 calls
        0 ms  AfterResourceCompile                       1 calls
        0 ms  MakeDirsForResourceCompile                 1 calls
        0 ms  BuildLinkTraverse                          1 calls
        0 ms  ComputeLegacyManifestEmbedding             1 calls
        0 ms  _ALink                                     1 calls
        0 ms  _Manifest                                  1 calls
        0 ms  AfterBuild                                 1 calls
        0 ms  BuildLink                                  1 calls
        0 ms  _BuildLinkAction                           1 calls
        0 ms  PostBuildEvent                             1 calls
        0 ms  PrepareForRun                              1 calls
        0 ms  _CheckForCompileOutputs                    1 calls
        0 ms  _CopySourceItemsToOutputDirectory          1 calls
        0 ms  GetCopyToOutputDirectoryItems              1 calls
        0 ms  GetCopyToOutputDirectoryXamlAppDefs        1 calls
        0 ms  BeforeResourceCompile                      1 calls
        0 ms  _Deploy                                    1 calls
        0 ms  CreateSatelliteAssemblies                  1 calls
        0 ms  _GenerateSatelliteAssemblyInputs           1 calls
        0 ms  _BscMake                                   1 calls
        0 ms  MakeDirsForBscMake                         1 calls
        0 ms  _XdcMake                                   1 calls
        0 ms  MakeDirsForXdcMake                         1 calls
        0 ms  ComputeCLCompileGeneratedXDCFiles          1 calls
        0 ms  ResolvedXDCMake                            1 calls
        0 ms  RegisterOutput                             1 calls
        0 ms  _Appverifier                               1 calls
        0 ms  AfterClCompile                             1 calls
        0 ms  Build                                      1 calls
        0 ms  ResolveReferences                          1 calls
        0 ms  _SelectedFiles                             1 calls
        0 ms  BeforeBuildGenerateSources                 1 calls
        0 ms  BeforeResolveReferences                    1 calls
        0 ms  SelectClCompile                            1 calls
        0 ms  AfterResolveReferences                     1 calls
        0 ms  ResolveAssemblyReferences                  1 calls
        0 ms  _Xsd                                       1 calls
        0 ms  ExpandSDKReferences                        1 calls
        0 ms  SetCABuildNativeEnvironmentVariables       1 calls
        0 ms  _CheckWindowsSDKInstalled                  1 calls
        0 ms  GetResolvedWinMD                           1 calls
        0 ms  SetBuildDefaultEnvironmentVariables        1 calls
        0 ms  GetFrameworkPaths                          1 calls
        0 ms  PrepareProjectReferences                   1 calls
        0 ms  ResolveSDKReferences                       1 calls
        0 ms  MakeDirsForMidl                            1 calls
        0 ms  BuildGenerateSourcesTraverse               1 calls
        0 ms  _PrepareForReferenceResolution             1 calls
        0 ms  WarnCompileDuplicatedFilename              1 calls
        0 ms  ComputeMIDLGeneratedCompileInputs          1 calls
        0 ms  ComputeCLInputPDBName                      1 calls
        0 ms  BeforeClCompile                            1 calls
        0 ms  BuildCompileTraverse                       1 calls
        0 ms  _BuildGenerateSourcesAction                1 calls
        0 ms  BuildGenerateSources                       1 calls
        0 ms  AfterBuildGenerateSourcesEvent             1 calls
        0 ms  AfterBuildGenerateSources                  1 calls
        0 ms  _Midl                                      1 calls
        0 ms  AfterMidl                                  1 calls
        0 ms  SelectCustomBuild                          1 calls
        0 ms  MakeDirsForCl                              1 calls
        1 ms  ComputeReferenceCLInput                    1 calls
        1 ms  PlatformPrepareForBuild                    1 calls
        1 ms  _SplitProjectReferencesByFileExistence     1 calls
        1 ms  PreBuildEvent                              1 calls
        1 ms  _PrepareForBuild                           1 calls
        1 ms  ComputeCLCompileGeneratedSbrFiles          1 calls
        1 ms  FixupCLCompileOptions                      1 calls
        1 ms  GetReferenceAssemblyPaths                  1 calls
        1 ms  AssignTargetPaths                          1 calls
        1 ms  _GetProjectReferenceTargetFrameworkProperties   1 calls
        1 ms  AssignProjectConfiguration                 1 calls
        2 ms  FinalizeBuildStatus                        1 calls
        5 ms  InitializeBuildStatus                      1 calls
        5 ms  CopyFilesToOutputDirectory                 1 calls
        6 ms  SetTelemetryEnvironmentVariables           1 calls
        6 ms  CopyFileToFolders                          1 calls
        6 ms  PrepareForBuild                            1 calls
       18 ms  _CheckForInvalidConfigurationAndPlatform   1 calls
       18 ms  ResolveProjectReferences                   1 calls
      162 ms  Lib                                        1 calls
     2271 ms  ClCompile                                  1 calls

Task Performance Summary:
        0 ms  MSBuild                                    1 calls
        0 ms  AssignTargetPath                           6 calls
        0 ms  Delete                                     1 calls
        1 ms  SetEnv                                     8 calls
        1 ms  Message                                    3 calls
        1 ms  MakeDir                                    9 calls
        1 ms  ReadLinesFromFile                          1 calls
        1 ms  AssignProjectConfiguration                 1 calls
        2 ms  Touch                                      2 calls
        2 ms  WriteLinesToFile                           1 calls
        4 ms  Copy                                       1 calls
        6 ms  GetOutOfDateItems                          1 calls
      162 ms  LIB                                        1 calls
     2269 ms  CL                                         1 calls
